# JRE version: Java(TM) SE Runtime Environment (18.0.2.1+1) (build 18.0.2.1+1-1)
# Java VM: Java HotSpot(TM) 64-Bit Server VM (18.0.2.1+1-1, mixed mode, sharing, tiered, compressed oops, compressed class ptrs, g1 gc, windows-amd64)
GC Precious Log:
 CardTable entry size: 512
 Card Set container configuration: InlinePtr #cards 5 size 8 Array Of Cards #cards 12 size 40 Howl #buckets 4 coarsen threshold 1843 Howl Bitmap #cards 512 size 80 coarsen threshold 460 Card regions per heap region 1 cards per card region 2048
 CPUs: 4 total, 4 available
 Memory: 3977M
 Large Page Support: Disabled
 NUMA Support: Disabled
 Compressed Oops: Enabled (32-bit)
 Heap Region Size: 1M
 Heap Min Capacity: 8M
 Heap Initial Capacity: 64M
 Heap Max Capacity: 996M
 Pre-touch: Disabled
 Parallel Workers: 4
 Concurrent Workers: 1
 Concurrent Refinement Workers: 4
 Periodic GC: Disabled
Heap:
 garbage-first heap   total 84992K, used 36494K [0x00000000c1c00000, 0x0000000100000000)
  region size 1024K, 11 young (11264K), 3 survivors (3072K)
 Metaspace       used 64522K, committed 65216K, reserved 1114112K
  class space    used 8508K, committed 8832K, reserved 1048576K
GC Heap History (20 events):
Event: 15.903 GC heap before
{Heap before GC invocations=19 (full 0):
 garbage-first heap   total 58368K, used 45984K [0x00000000c1c00000, 0x0000000100000000)
  region size 1024K, 29 young (29696K), 3 survivors (3072K)
 Metaspace       used 46583K, committed 47168K, reserved 1114112K
  class space    used 5906K, committed 6208K, reserved 1048576K
}
Event: 15.908 GC heap after
{Heap after GC invocations=20 (full 0):
 garbage-first heap   total 58368K, used 20986K [0x00000000c1c00000, 0x0000000100000000)
  region size 1024K, 3 young (3072K), 3 survivors (3072K)
 Metaspace       used 46583K, committed 47168K, reserved 1114112K
  class space    used 5906K, committed 6208K, reserved 1048576K
}
Event: 16.613 GC heap before
{Heap before GC invocations=20 (full 0):
 garbage-first heap   total 58368K, used 47610K [0x00000000c1c00000, 0x0000000100000000)
  region size 1024K, 29 young (29696K), 3 survivors (3072K)
 Metaspace       used 48978K, committed 49536K, reserved 1114112K
  class space    used 6306K, committed 6592K, reserved 1048576K
}
Event: 16.619 GC heap after
{Heap after GC invocations=21 (full 0):
 garbage-first heap   total 58368K, used 21313K [0x00000000c1c00000, 0x0000000100000000)
  region size 1024K, 3 young (3072K), 3 survivors (3072K)
 Metaspace       used 48978K, committed 49536K, reserved 1114112K
  class space    used 6306K, committed 6592K, reserved 1048576K
}
Event: 17.500 GC heap before
{Heap before GC invocations=21 (full 0):
 garbage-first heap   total 58368K, used 45889K [0x00000000c1c00000, 0x0000000100000000)
  region size 1024K, 28 young (28672K), 3 survivors (3072K)
 Metaspace       used 51350K, committed 51904K, reserved 1114112K
  class space    used 6667K, committed 6976K, reserved 1048576K
}
Event: 17.511 GC heap after
{Heap after GC invocations=22 (full 0):
 garbage-first heap   total 58368K, used 22342K [0x00000000c1c00000, 0x0000000100000000)
  region size 1024K, 3 young (3072K), 3 survivors (3072K)
 Metaspace       used 51350K, committed 51904K, reserved 1114112K
  class space    used 6667K, committed 6976K, reserved 1048576K
}
Event: 18.083 GC heap before
{Heap before GC invocations=22 (full 0):
 garbage-first heap   total 58368K, used 46918K [0x00000000c1c00000, 0x0000000100000000)
  region size 1024K, 28 young (28672K), 3 survivors (3072K)
 Metaspace       used 53736K, committed 54336K, reserved 1114112K
  class space    used 6956K, committed 7232K, reserved 1048576K
}
Event: 18.093 GC heap after
{Heap after GC invocations=23 (full 0):
 garbage-first heap   total 58368K, used 23235K [0x00000000c1c00000, 0x0000000100000000)
  region size 1024K, 3 young (3072K), 3 survivors (3072K)
 Metaspace       used 53736K, committed 54336K, reserved 1114112K
  class space    used 6956K, committed 7232K, reserved 1048576K
}
Event: 18.569 GC heap before
{Heap before GC invocations=23 (full 0):
 garbage-first heap   total 58368K, used 46787K [0x00000000c1c00000, 0x0000000100000000)
  region size 1024K, 27 young (27648K), 3 survivors (3072K)
 Metaspace       used 55137K, committed 55744K, reserved 1114112K
  class space    used 7130K, committed 7424K, reserved 1048576K
}
Event: 18.577 GC heap after
{Heap after GC invocations=24 (full 0):
 garbage-first heap   total 70656K, used 24004K [0x00000000c1c00000, 0x0000000100000000)
  region size 1024K, 3 young (3072K), 3 survivors (3072K)
 Metaspace       used 55137K, committed 55744K, reserved 1114112K
  class space    used 7130K, committed 7424K, reserved 1048576K
}
Event: 19.145 GC heap before
{Heap before GC invocations=24 (full 0):
 garbage-first heap   total 70656K, used 56772K [0x00000000c1c00000, 0x0000000100000000)
  region size 1024K, 36 young (36864K), 3 survivors (3072K)
 Metaspace       used 57867K, committed 58496K, reserved 1114112K
  class space    used 7591K, committed 7872K, reserved 1048576K
}
Event: 19.153 GC heap after
{Heap after GC invocations=25 (full 0):
 garbage-first heap   total 70656K, used 25138K [0x00000000c1c00000, 0x0000000100000000)
  region size 1024K, 4 young (4096K), 4 survivors (4096K)
 Metaspace       used 57867K, committed 58496K, reserved 1114112K
  class space    used 7591K, committed 7872K, reserved 1048576K
}
Event: 19.570 GC heap before
{Heap before GC invocations=25 (full 0):
 garbage-first heap   total 70656K, used 57906K [0x00000000c1c00000, 0x0000000100000000)
  region size 1024K, 36 young (36864K), 4 survivors (4096K)
 Metaspace       used 58650K, committed 59264K, reserved 1114112K
  class space    used 7701K, committed 8000K, reserved 1048576K
}
Event: 19.579 GC heap after
{Heap after GC invocations=26 (full 0):
 garbage-first heap   total 70656K, used 25983K [0x00000000c1c00000, 0x0000000100000000)
  region size 1024K, 3 young (3072K), 3 survivors (3072K)
 Metaspace       used 58650K, committed 59264K, reserved 1114112K
  class space    used 7701K, committed 8000K, reserved 1048576K
}
Event: 19.916 GC heap before
{Heap before GC invocations=26 (full 0):
 garbage-first heap   total 70656K, used 43391K [0x00000000c1c00000, 0x0000000100000000)
  region size 1024K, 21 young (21504K), 3 survivors (3072K)
 Metaspace       used 59517K, committed 60096K, reserved 1114112K
  class space    used 7810K, committed 8064K, reserved 1048576K
}
Event: 19.924 GC heap after
{Heap after GC invocations=27 (full 0):
 garbage-first heap   total 70656K, used 26730K [0x00000000c1c00000, 0x0000000100000000)
  region size 1024K, 4 young (4096K), 4 survivors (4096K)
 Metaspace       used 59517K, committed 60096K, reserved 1114112K
  class space    used 7810K, committed 8064K, reserved 1048576K
}
Event: 20.675 GC heap before
{Heap before GC invocations=28 (full 0):
 garbage-first heap   total 70656K, used 57450K [0x00000000c1c00000, 0x0000000100000000)
  region size 1024K, 34 young (34816K), 4 survivors (4096K)
 Metaspace       used 61269K, committed 61824K, reserved 1114112K
  class space    used 8093K, committed 8384K, reserved 1048576K
}
Event: 20.688 GC heap after
{Heap after GC invocations=29 (full 0):
 garbage-first heap   total 70656K, used 28660K [0x00000000c1c00000, 0x0000000100000000)
  region size 1024K, 4 young (4096K), 4 survivors (4096K)
 Metaspace       used 61269K, committed 61824K, reserved 1114112K
  class space    used 8093K, committed 8384K, reserved 1048576K
}
Event: 39.179 GC heap before
{Heap before GC invocations=29 (full 0):
 garbage-first heap   total 70656K, used 57332K [0x00000000c1c00000, 0x0000000100000000)
  region size 1024K, 33 young (33792K), 4 survivors (4096K)
 Metaspace       used 64178K, committed 64832K, reserved 1114112K
  class space    used 8470K, committed 8768K, reserved 1048576K
}
Event: 39.191 GC heap after
{Heap after GC invocations=30 (full 0):
 garbage-first heap   total 84992K, used 29326K [0x00000000c1c00000, 0x0000000100000000)
  region size 1024K, 3 young (3072K), 3 survivors (3072K)
 Metaspace       used 64178K, committed 64832K, reserved 1114112K
  class space    used 8470K, committed 8768K, reserved 1048576K
}

